<?xml version="1.0" encoding="UTF-8"?>
<!-- Generated by org.testng.reporters.JUnitXMLReporter -->
<testsuite hostname="DESKTOP-0N4EONN" ignored="0" name="Default test" tests="7" failures="0" timestamp="2023-03-01T19:33:51 IST" time="76.575" errors="0">
  <testcase name="test1" time="6.151" classname="com.kcs.KCS_Test"/>
  <testcase name="test2" time="2.542" classname="com.kcs.KCS_Test"/>
  <testcase name="test3" time="6.95" classname="com.kcs.KCS_Test"/>
  <testcase name="test4" time="31.099" classname="com.kcs.KCS_Test"/>
  <testcase name="test5" time="0.515" classname="com.kcs.KCS_Test"/>
  <testcase name="test6" time="7.479" classname="com.kcs.KCS_Test"/>
  <testcase name="test7" time="4.832" classname="com.kcs.KCS_Test"/>
</testsuite> <!-- Default test -->
